This is pdfTeX, Version 3.14159265-2.6-1.40.17 (MiKTeX 2.9.6210 64-bit) (preloaded format=pdflatex 2017.2.24)  23 APR 2017 23:43
entering extended mode
**./IJSR.tex
(IJSR.tex
LaTeX2e <2017/01/01> patch level 1
Babel <3.9r> and hyphenation patterns for 75 language(s) loaded.
("C:\Program Files\MiKTeX 2.9\tex\latex\base\fix-cm.sty"
Package: fix-cm 2015/01/14 v1.1t fixes to LaTeX

("C:\Program Files\MiKTeX 2.9\tex\latex\base\ts1enc.def"
File: ts1enc.def 2001/06/05 v3.0e (jk/car/fm) Standard LaTeX file
)) (svjour3.cls
Document Class: svjour3 2007/05/08 v3.2 
LaTeX document class for Springer journals
("C:\Program Files\MiKTeX 2.9\tex\latex\base\fleqn.clo"
File: fleqn.clo 2016/12/29 v1.2a Standard LaTeX option (flush left equations)
\mathindent=\dimen102
Applying: [2015/01/01] Make \[ robust on input line 50.
LaTeX Info: Redefining \[ on input line 51.
Already applied: [0000/00/00] Make \[ robust on input line 62.
Applying: [2015/01/01] Make \] robust on input line 74.
LaTeX Info: Redefining \] on input line 75.
Already applied: [0000/00/00] Make \] robust on input line 83.
)
Class Springer-SVJour3 Info: extra/valid Springer sub-package (-> *.clo) 
(Springer-SVJour3)           not found in option list of \documentclass
(Springer-SVJour3)           - autoactivating "global" style.
 (svglov3.clo
File: svglov3.clo 2009/12/18 v3.2 style option for standardised journals

SVJour Class option: svglov3.clo for standardised journals
)
LaTeX Font Info:    Redeclaring math symbol \Gamma on input line 147.
LaTeX Font Info:    Redeclaring math symbol \Delta on input line 148.
LaTeX Font Info:    Redeclaring math symbol \Theta on input line 149.
LaTeX Font Info:    Redeclaring math symbol \Lambda on input line 150.
LaTeX Font Info:    Redeclaring math symbol \Xi on input line 151.
LaTeX Font Info:    Redeclaring math symbol \Pi on input line 152.
LaTeX Font Info:    Redeclaring math symbol \Sigma on input line 153.
LaTeX Font Info:    Redeclaring math symbol \Upsilon on input line 154.
LaTeX Font Info:    Redeclaring math symbol \Phi on input line 155.
LaTeX Font Info:    Redeclaring math symbol \Psi on input line 156.
LaTeX Font Info:    Redeclaring math symbol \Omega on input line 157.
\logodepth=\dimen103
\headerboxheight=\dimen104
\betweenumberspace=\dimen105
\aftertext=\dimen106
\headlineindent=\dimen107
\c@inst=\count79
\c@auth=\count80
\instindent=\dimen108
\authrun=\box26
\authorrunning=\toks14
\titrun=\box27
\titlerunning=\toks15
\combirun=\box28
\c@lastpage=\count81
\rubricwidth=\dimen109
\c@section=\count82
\c@subsection=\count83
\c@subsubsection=\count84
\c@paragraph=\count85
\c@subparagraph=\count86
\spthmsep=\dimen110
\c@theorem=\count87
\c@case=\count88
\c@conjecture=\count89
\c@corollary=\count90
\c@definition=\count91
\c@example=\count92
\c@exercise=\count93
\c@lemma=\count94
\c@note=\count95
\c@problem=\count96
\c@property=\count97
\c@proposition=\count98
\c@question=\count99
\c@solution=\count100
\c@remark=\count101
\c@figure=\count102
\c@table=\count103
\abovecaptionskip=\skip41
\belowcaptionskip=\skip42
\figcapgap=\dimen111
\tabcapgap=\dimen112
\figgap=\dimen113
\bibindent=\dimen114
\@tempcntc=\count104
) ("C:\Program Files\MiKTeX 2.9\tex\latex\graphics\graphicx.sty"
Package: graphicx 2014/10/28 v1.0g Enhanced LaTeX Graphics (DPC,SPQR)

("C:\Program Files\MiKTeX 2.9\tex\latex\graphics\keyval.sty"
Package: keyval 2014/10/28 v1.15 key=value parser (DPC)
\KV@toks@=\toks16
)
("C:\Program Files\MiKTeX 2.9\tex\latex\graphics\graphics.sty"
Package: graphics 2016/10/09 v1.0u Standard LaTeX Graphics (DPC,SPQR)

("C:\Program Files\MiKTeX 2.9\tex\latex\graphics\trig.sty"
Package: trig 2016/01/03 v1.10 sin cos tan (DPC)
)
("C:\Program Files\MiKTeX 2.9\tex\latex\graphics-cfg\graphics.cfg"
File: graphics.cfg 2016/06/04 v1.11 sample graphics configuration
)
Package graphics Info: Driver file: pdftex.def on input line 99.

("C:\Program Files\MiKTeX 2.9\tex\latex\graphics-def\pdftex.def"
File: pdftex.def 2017/01/12 v0.06k Graphics/color for pdfTeX

("C:\Program Files\MiKTeX 2.9\tex\generic\oberdiek\infwarerr.sty"
Package: infwarerr 2016/05/16 v1.4 Providing info/warning/error messages (HO)
)
("C:\Program Files\MiKTeX 2.9\tex\generic\oberdiek\ltxcmds.sty"
Package: ltxcmds 2016/05/16 v1.23 LaTeX kernel commands for general use (HO)
)
\Gread@gobject=\count105
))
\Gin@req@height=\dimen115
\Gin@req@width=\dimen116
)
("C:\Program Files\MiKTeX 2.9\tex\latex\slashbox\slashbox.sty"
slashbox style by K.Yasuoka, May 1993.
\@slashboxa=\box29
\@slashboxb=\box30
\@slashboxc=\box31
\@slashboxwd=\count106
\@slashboxht=\count107
\@slashsepl=\dimen117
\@slashsepr=\dimen118
) ("C:\Program Files\MiKTeX 2.9\tex\latex\subfigure\subfigure.sty"
Package: subfigure 2002/07/30 v2.1.4 subfigure package
\subfigtopskip=\skip43
\subfigcapskip=\skip44
\subfigcaptopadj=\dimen119
\subfigbottomskip=\skip45
\subfigcapmargin=\dimen120
\subfiglabelskip=\skip46
\c@subfigure=\count108
\c@lofdepth=\count109
\c@subtable=\count110
\c@lotdepth=\count111

****************************************
* Local config file subfigure.cfg used *
****************************************
("C:\Program Files\MiKTeX 2.9\tex\latex\subfigure\subfigure.cfg")
\subfig@top=\skip47
\subfig@bottom=\skip48
)
("C:\Program Files\MiKTeX 2.9\tex\latex\breakcites\breakcites.sty") (IJSR.aux)
\openout1 = `IJSR.aux'.

LaTeX Font Info:    Checking defaults for OML/cmm/m/it on input line 66.
LaTeX Font Info:    ... okay on input line 66.
LaTeX Font Info:    Checking defaults for T1/cmr/m/n on input line 66.
LaTeX Font Info:    ... okay on input line 66.
LaTeX Font Info:    Checking defaults for OT1/cmr/m/n on input line 66.
LaTeX Font Info:    ... okay on input line 66.
LaTeX Font Info:    Checking defaults for OMS/cmsy/m/n on input line 66.
LaTeX Font Info:    ... okay on input line 66.
LaTeX Font Info:    Checking defaults for OMX/cmex/m/n on input line 66.
LaTeX Font Info:    ... okay on input line 66.
LaTeX Font Info:    Checking defaults for U/cmr/m/n on input line 66.
LaTeX Font Info:    ... okay on input line 66.
LaTeX Font Info:    Checking defaults for TS1/cmr/m/n on input line 66.
LaTeX Font Info:    ... okay on input line 66.

Unknown journal: specify \journalname{<name of your journal>} in preambel

("C:\Program Files\MiKTeX 2.9\tex\context\base\supp-pdf.mkii"
[Loading MPS to PDF converter (version 2006.09.02).]
\scratchcounter=\count112
\scratchdimen=\dimen121
\scratchbox=\box32
\nofMPsegments=\count113
\nofMParguments=\count114
\everyMPshowfont=\toks17
\MPscratchCnt=\count115
\MPscratchDim=\dimen122
\MPnumerator=\count116
\makeMPintoPDFobject=\count117
\everyMPtoPDFconversion=\toks18
) ("C:\Program Files\MiKTeX 2.9\tex\generic\oberdiek\pdftexcmds.sty"
Package: pdftexcmds 2016/05/21 v0.22 Utility functions of pdfTeX for LuaTeX (HO
)

("C:\Program Files\MiKTeX 2.9\tex\generic\oberdiek\ifluatex.sty"
Package: ifluatex 2016/05/16 v1.4 Provides the ifluatex switch (HO)
Package ifluatex Info: LuaTeX not detected.
)
("C:\Program Files\MiKTeX 2.9\tex\generic\oberdiek\ifpdf.sty"
Package: ifpdf 2016/05/14 v3.1 Provides the ifpdf switch
)
Package pdftexcmds Info: LuaTeX not detected.
Package pdftexcmds Info: \pdf@primitive is available.
Package pdftexcmds Info: \pdf@ifprimitive is available.
Package pdftexcmds Info: \pdfdraftmode found.
)
("C:\Program Files\MiKTeX 2.9\tex\latex\oberdiek\epstopdf-base.sty"
Package: epstopdf-base 2016/05/15 v2.6 Base part for package epstopdf

("C:\Program Files\MiKTeX 2.9\tex\latex\oberdiek\grfext.sty"
Package: grfext 2016/05/16 v1.2 Manage graphics extensions (HO)

("C:\Program Files\MiKTeX 2.9\tex\generic\oberdiek\kvdefinekeys.sty"
Package: kvdefinekeys 2016/05/16 v1.4 Define keys (HO)
))
("C:\Program Files\MiKTeX 2.9\tex\latex\oberdiek\kvoptions.sty"
Package: kvoptions 2016/05/16 v3.12 Key value format for package options (HO)

("C:\Program Files\MiKTeX 2.9\tex\generic\oberdiek\kvsetkeys.sty"
Package: kvsetkeys 2016/05/16 v1.17 Key value parser (HO)

("C:\Program Files\MiKTeX 2.9\tex\generic\oberdiek\etexcmds.sty"
Package: etexcmds 2016/05/16 v1.6 Avoid name clashes with e-TeX commands (HO)
Package etexcmds Info: Could not find \expanded.
(etexcmds)             That can mean that you are not using pdfTeX 1.50 or
(etexcmds)             that some package has redefined \expanded.
(etexcmds)             In the latter case, load this package earlier.
)))
Package epstopdf-base Info: Redefining graphics rule for `.eps' on input line 4
38.
Package grfext Info: Graphics extension search list:
(grfext)             [.png,.pdf,.jpg,.mps,.jpeg,.jbig2,.jb2,.PNG,.PDF,.JPG,.JPE
G,.JBIG2,.JB2,.eps]
(grfext)             \AppendGraphicsExtensions on input line 456.
)
SVJour3 warning: Missing \journalname
LaTeX Font Info:    External font `cmex10' loaded for size
(Font)              <7> on input line 98.
LaTeX Font Info:    External font `cmex10' loaded for size
(Font)              <5> on input line 98.
LaTeX Font Info:    Calculating math sizes for size <8.5> on input line 98.
LaTeX Font Info:    External font `cmex10' loaded for size
(Font)              <8.5> on input line 98.
LaTeX Font Info:    External font `cmex10' loaded for size
(Font)              <5.94997> on input line 98.
LaTeX Font Info:    External font `cmex10' loaded for size
(Font)              <4.25> on input line 98.

Overfull \hbox (7.81502pt too wide) in paragraph at lines 101--102
[]\OT1/cmr/m/n/10 Social en-vi-ron-ments are in-tri-cate spaces where
 []


Underfull \vbox (badness 3219) has occurred while \output is active []


(Parts/Introduction.tex [1{C:/ProgramData/MiKTeX/2.9/pdftex/config/pdftex.map}


]
Overfull \hbox (2.61966pt too wide) in paragraph at lines 5--6
[]\OT1/cmr/m/n/10 The amount of works study-ing non-anthropomorphic
 []


Underfull \vbox (badness 2426) has occurred while \output is active []

)
(Parts/EmotionModels.tex
Overfull \hbox (3.84183pt too wide) in paragraph at lines 1--2
\OT1/cmr/m/n/10 sump-tions and com-po-nents in-volved in the pro-cess. They
 []

[2]) (Parts/Emotion_Projection.tex [3]
Underfull \vbox (badness 10000) has occurred while \output is active []


Overfull \hbox (0.59181pt too wide) in paragraph at lines 25--26
\OT1/cmr/m/n/10 lence, lean-ing po-si-tion are re-lated with neg-a-tive valance
.
 []

)
Overfull \hbox (2.03632pt too wide) in paragraph at lines 27--113
\OT1/cmr/m/n/10 could help in co-or-di-nat-ing hu-mans and robots [39]. How-
 []

(Parts/Platform.tex [4]
<Images/DesignThird.png, id=22, 390.86024pt x 390.86024pt>
File: Images/DesignThird.png Graphic file (type png)

<use Images/DesignThird.png>
Package pdftex.def Info: Images/DesignThird.png used on input line 11.
(pdftex.def)             Requested size: 237.59789pt x 237.60732pt.

<Images/version-2-program.png, id=23, 325.81725pt x 431.211pt>
File: Images/version-2-program.png Graphic file (type png)

<use Images/version-2-program.png>
Package pdftex.def Info: Images/version-2-program.png used on input line 22.
(pdftex.def)             Requested size: 222.74849pt x 294.80531pt.
) (Parts/ExperimentDesign.tex [5 <./Images/DesignThird.png> <./Images/version-2
-program.png>]
<./Images/ExampleMovement.png, id=31, 1382.16376pt x 627.34375pt>
File: ./Images/ExampleMovement.png Graphic file (type png)

<use ./Images/ExampleMovement.png>
Package pdftex.def Info: ./Images/ExampleMovement.png used on input line 28.
(pdftex.def)             Requested size: 237.59789pt x 107.834pt.

<./Images/possibilities_case.png, id=32, 2279.51625pt x 3179.88pt>
File: ./Images/possibilities_case.png Graphic file (type png)

<use ./Images/possibilities_case.png>
Package pdftex.def Info: ./Images/possibilities_case.png used on input line 64.

(pdftex.def)             Requested size: 237.59789pt x 331.39842pt.
 [6 <./Images/ExampleMovement.png>]
[7 <./Images/possibilities_case.png>]
<./Images/example_survey.png, id=46, 494.44725pt x 328.8285pt>
File: ./Images/example_survey.png Graphic file (type png)

<use ./Images/example_survey.png>
Package pdftex.def Info: ./Images/example_survey.png used on input line 199.
(pdftex.def)             Requested size: 237.59789pt x 158.01149pt.

<./Images/ExperimentGeneral.png, id=47, 1155.31625pt x 859.21pt>
File: ./Images/ExperimentGeneral.png Graphic file (type png)

<use ./Images/ExperimentGeneral.png>
Package pdftex.def Info: ./Images/ExperimentGeneral.png used on input line 210.

(pdftex.def)             Requested size: 222.74849pt x 165.65082pt.
) (Parts/Results.tex
Underfull \vbox (badness 3746) has occurred while \output is active []


<./Images/Alpha.png, id=48, 763.05075pt x 313.17pt>
File: ./Images/Alpha.png Graphic file (type png)
 <use ./Images/Alpha.png>
Package pdftex.def Info: ./Images/Alpha.png used on input line 38.
(pdftex.def)             Requested size: 495.0pt x 203.16145pt.

[8 <./Images/example_survey.png> <./Images/ExperimentGeneral.png (PNG copy)>])
(Parts/Discussion.tex
Overfull \hbox (19.86728pt too wide) in paragraph at lines 12--13
\OT1/cmr/m/n/10 (seven over ten) and with lin-ear ve-loc-i-ties over $200\OML/c
mm/m/it/10 mm=s$\OT1/cmr/m/n/10 .
 []

) (Parts/Conclusion.tex
Overfull \hbox (18.20303pt too wide) in paragraph at lines 1--2
\OT1/cmr/m/n/10 per-cep-tion of emo-tion ex-pres-sion by a non-anthropomorphic
 []


Overfull \hbox (17.7863pt too wide) in paragraph at lines 3--4
\OT1/cmr/m/n/10 used as a guide to ex-press emo-tions in non-anthropomorphic
 []

[9]) (IJSR.bbl
Underfull \vbox (badness 10000) has occurred while \output is active []


Underfull \hbox (badness 1215) in paragraph at lines 10--13
[]\OT1/cmr/m/n/8.5 Understanding In-ter-ob-server Agree-ment: The Kappa
 []

[10 <./Images/Alpha.png>] [11] [12]
Underfull \hbox (badness 8189) in paragraph at lines 58--63
[]\OT1/cmr/m/n/8.5 Camurri, A., Lagerlof, I., Volpe, G.: Rec-og-niz-
 []


Underfull \hbox (badness 10000) in paragraph at lines 58--63
\OT1/cmr/m/n/8.5 ing emo-tion from dance move-ment: com-par-
 []


Underfull \hbox (badness 10000) in paragraph at lines 58--63
\OT1/cmr/m/n/8.5 i-son of spec-ta-tor recog-ni-tion and au-to-mated
 []


Underfull \hbox (badness 10000) in paragraph at lines 58--63
\OT1/cmr/m/n/8.5 tech-niques \OT1/cmr/bx/n/8.5 59\OT1/cmr/m/n/8.5 (1-2), 213--2
25 (2003).  URL
 []


Overfull \hbox (28.01782pt too wide) in paragraph at lines 58--63
\OT1/cmr/m/n/8.5 http://linkinghub.elsevier.com/retrieve/pii/S1071581903000508 

 []


Underfull \hbox (badness 1484) in paragraph at lines 65--70
\OT1/cmr/m/n/8.5 In: The Eleventh ACM/IEEE In-ter-na-tional Con-fer-
 []


Underfull \hbox (badness 5519) in paragraph at lines 134--138
[]\OT1/cmr/m/n/8.5 Heerink, M., Ben, K., Ev-ers, V., Wielinga, B.:
 []


Underfull \hbox (badness 10000) in paragraph at lines 134--138
\OT1/cmr/m/n/8.5 The in-flu-ence of so-cial pres-ence on ac-cep-tance
 []


Underfull \hbox (badness 4181) in paragraph at lines 134--138
\OT1/cmr/m/n/8.5 of a com-pan-ion robot by older peo-ple.  Jour-
 []


Underfull \hbox (badness 10000) in paragraph at lines 134--138
\OT1/cmr/m/n/8.5 nal of Phys-i-cal Agents \OT1/cmr/bx/n/8.5 2\OT1/cmr/m/n/8.5 (
2) (2008).  URL
 []


Underfull \hbox (badness 1533) in paragraph at lines 140--148
\OT1/cmr/m/n/8.5 IEEE In-ter-na-tional Sym-po-sium on Robot and Hu-
 []


Underfull \hbox (badness 1314) in paragraph at lines 195--200
\OT1/cmr/m/n/8.5 A-8, The Cen-ter for Re-search in Psy-chophys-i-ol-ogy,
 []

[13]
Underfull \hbox (badness 1009) in paragraph at lines 243--246
[]\OT1/cmr/m/n/8.5 Oehlert, G.: A First Course in De-sign and Anal-y-
 []


Underfull \hbox (badness 10000) in paragraph at lines 248--250
[]\OT1/cmr/m/n/8.5 Robotics, A.: Nao.  http://www.aldebaran-
 []


Underfull \hbox (badness 10000) in paragraph at lines 264--270
[]\OT1/cmr/m/n/8.5 Russell, J.A., Ba-chorowski, J.A., Dols, J.M.F.:
 []


Underfull \hbox (badness 3492) in paragraph at lines 264--270
\OT1/cmr/m/n/8.5 Fa-cial and Vo-cal Ex-pres-sions of Emo-tion.  An-
 []


Underfull \hbox (badness 1859) in paragraph at lines 264--270
\OT1/cmr/m/n/8.5 nual Re-view of Psy-chol-ogy \OT1/cmr/bx/n/8.5 54\OT1/cmr/m/n/
8.5 (1), 329--349 (2003).
 []


Underfull \hbox (badness 1748) in paragraph at lines 264--270
\OT1/cmr/m/n/8.5 DOI 10.1146/annurev.psych.54.101601.145102.  URL
 []


Overfull \hbox (10.95119pt too wide) in paragraph at lines 264--270
\OT1/cmr/m/n/8.5 http://dx.doi.org/10.1146/annurev.psych.54.101601.145102 
 []


Underfull \hbox (badness 10000) in paragraph at lines 272--277
[]\OT1/cmr/m/n/8.5 Saerbeck, M., Bart-neck, C.: Per-cep-tion of af-
 []


Underfull \hbox (badness 4303) in paragraph at lines 272--277
\OT1/cmr/m/n/8.5 fect elicited by robot mo-tion.  In: Pro-ceed-ings
 []


Underfull \hbox (badness 7981) in paragraph at lines 272--277
\OT1/cmr/m/n/8.5 of the 5th ACM/IEEE In-ter-na-tional Con-fer-ence
 []


Underfull \hbox (badness 2865) in paragraph at lines 272--277
\OT1/cmr/m/n/8.5 on Human-robot In-ter-ac-tion, HRI '10, pp. 53--60.
 []


Underfull \hbox (badness 2205) in paragraph at lines 272--277
\OT1/cmr/m/n/8.5 IEEE Press, Pis-cat-away, NJ, USA (2010).  URL
 []

Missing character: There is no Ã in font cmr8!
Missing character: There is no ¨ in font cmr8!

Underfull \hbox (badness 10000) in paragraph at lines 314--319
\OT1/cmr/m/n/8.5 DOI 10.1002/(SICI)1099-0992(1998110)28:6<879::AID-
 []

) [14] (IJSR.aux) ) 
Here is how much of TeX's memory you used:
 2523 strings out of 493333
 38025 string characters out of 3139182
 171935 words of memory out of 3000000
 5998 multiletter control sequences out of 15000+200000
 10347 words of font info for 36 fonts, out of 3000000 for 9000
 1141 hyphenation exceptions out of 8191
 39i,13n,33p,1672b,309s stack positions out of 5000i,500n,10000p,200000b,50000s
<C:/Program Files/MiKTeX 2.9/fonts/type1/public/amsfonts/cm/
cmbsy10.pfb><C:/Program Files/MiKTeX 2.9/fonts/type1/public/amsfonts/cm/cmbx10.
pfb><C:/Program Files/MiKTeX 2.9/fonts/type1/public/amsfonts/cm/cmbx12.pfb><C:/
Program Files/MiKTeX 2.9/fonts/type1/public/amsfonts/cm/cmbx8.pfb><C:/Program F
iles/MiKTeX 2.9/fonts/type1/public/amsfonts/cm/cmex10.pfb><C:/Program Files/MiK
TeX 2.9/fonts/type1/public/amsfonts/cm/cmmi10.pfb><C:/Program Files/MiKTeX 2.9/
fonts/type1/public/amsfonts/cm/cmmi5.pfb><C:/Program Files/MiKTeX 2.9/fonts/typ
e1/public/amsfonts/cm/cmmi7.pfb><C:/Program Files/MiKTeX 2.9/fonts/type1/public
/amsfonts/cm/cmmi8.pfb><C:/Program Files/MiKTeX 2.9/fonts/type1/public/amsfonts
/cm/cmr10.pfb><C:/Program Files/MiKTeX 2.9/fonts/type1/public/amsfonts/cm/cmr5.
pfb><C:/Program Files/MiKTeX 2.9/fonts/type1/public/amsfonts/cm/cmr8.pfb><C:/Pr
ogram Files/MiKTeX 2.9/fonts/type1/public/amsfonts/cm/cmsy10.pfb><C:/Program Fi
les/MiKTeX 2.9/fonts/type1/public/amsfonts/cm/cmsy5.pfb><C:/Program Files/MiKTe
X 2.9/fonts/type1/public/amsfonts/cm/cmsy8.pfb><C:/Program Files/MiKTeX 2.9/fon
ts/type1/public/amsfonts/cm/cmti10.pfb><C:/Program Files/MiKTeX 2.9/fonts/type1
/public/amsfonts/latxfont/line10.pfb>
Output written on IJSR.pdf (14 pages, 781880 bytes).
PDF statistics:
 127 PDF objects out of 1000 (max. 8388607)
 0 named destinations out of 1000 (max. 500000)
 36 words of extra memory for PDF output out of 10000 (max. 10000000)

