This is pdfTeX, Version 3.14159265-2.6-1.40.17 (MiKTeX 2.9.6210 64-bit) (preloaded format=pdflatex 2017.2.24)  26 MAR 2017 14:15
entering extended mode
**./RO-MAN2017.tex
(RO-MAN2017.tex
LaTeX2e <2017/01/01> patch level 1
Babel <3.9r> and hyphenation patterns for 75 language(s) loaded.
(ieeeconf.cls

LaTeX Warning: You have requested document class `ieeeconf',
               but the document class provides `cssconf'.

Document Class: cssconf 2004/1/15 revision V1.6b by Pradeep Misra
\@IEEEtrantmpdimenA=\dimen102
\@IEEEtrantmpdimenB=\dimen103
\@IEEEtrantmpcountA=\count79
\@IEEEtrantmpcountB=\count80
\@IEEEtrantmptoksA=\toks14
LaTeX Font Info:    Try loading font information for OT1+ptm on input line 794.

("C:\Program Files\MiKTeX 2.9\tex\latex\psnfss\ot1ptm.fd"
File: ot1ptm.fd 2001/06/04 font definitions for OT1/ptm.
)
\@IEEEnormalsizefontbaselineskip=\skip41

-- This is a 10 point document.
\normalsizebaselineskip=\skip42
\normaljot=\skip43
LaTeX Font Info:    Font shape `OT1/ptm/bx/n' in size <5> not available
(Font)              Font shape `OT1/ptm/b/n' tried instead on input line 1113.
LaTeX Font Info:    Font shape `OT1/ptm/bx/it' in size <5> not available
(Font)              Font shape `OT1/ptm/b/it' tried instead on input line 1113.

LaTeX Font Info:    Font shape `OT1/ptm/bx/n' in size <7> not available
(Font)              Font shape `OT1/ptm/b/n' tried instead on input line 1113.
LaTeX Font Info:    Font shape `OT1/ptm/bx/it' in size <7> not available
(Font)              Font shape `OT1/ptm/b/it' tried instead on input line 1113.

LaTeX Font Info:    Font shape `OT1/ptm/bx/n' in size <8> not available
(Font)              Font shape `OT1/ptm/b/n' tried instead on input line 1113.
LaTeX Font Info:    Font shape `OT1/ptm/bx/it' in size <8> not available
(Font)              Font shape `OT1/ptm/b/it' tried instead on input line 1113.

LaTeX Font Info:    Font shape `OT1/ptm/bx/n' in size <9> not available
(Font)              Font shape `OT1/ptm/b/n' tried instead on input line 1113.
LaTeX Font Info:    Font shape `OT1/ptm/bx/it' in size <9> not available
(Font)              Font shape `OT1/ptm/b/it' tried instead on input line 1113.

LaTeX Font Info:    Font shape `OT1/ptm/bx/n' in size <10> not available
(Font)              Font shape `OT1/ptm/b/n' tried instead on input line 1113.
LaTeX Font Info:    Font shape `OT1/ptm/bx/it' in size <10> not available
(Font)              Font shape `OT1/ptm/b/it' tried instead on input line 1113.

LaTeX Font Info:    Font shape `OT1/ptm/bx/n' in size <11> not available
(Font)              Font shape `OT1/ptm/b/n' tried instead on input line 1113.
LaTeX Font Info:    Font shape `OT1/ptm/bx/it' in size <11> not available
(Font)              Font shape `OT1/ptm/b/it' tried instead on input line 1113.

LaTeX Font Info:    Font shape `OT1/ptm/bx/n' in size <12> not available
(Font)              Font shape `OT1/ptm/b/n' tried instead on input line 1113.
LaTeX Font Info:    Font shape `OT1/ptm/bx/it' in size <12> not available
(Font)              Font shape `OT1/ptm/b/it' tried instead on input line 1113.

LaTeX Font Info:    Font shape `OT1/ptm/bx/n' in size <16> not available
(Font)              Font shape `OT1/ptm/b/n' tried instead on input line 1113.
LaTeX Font Info:    Font shape `OT1/ptm/bx/it' in size <16> not available
(Font)              Font shape `OT1/ptm/b/it' tried instead on input line 1113.

LaTeX Font Info:    Font shape `OT1/ptm/bx/n' in size <20> not available
(Font)              Font shape `OT1/ptm/b/n' tried instead on input line 1113.
LaTeX Font Info:    Font shape `OT1/ptm/bx/it' in size <20> not available
(Font)              Font shape `OT1/ptm/b/it' tried instead on input line 1113.

LaTeX Font Info:    Font shape `OT1/ptm/bx/n' in size <24> not available
(Font)              Font shape `OT1/ptm/b/n' tried instead on input line 1113.
LaTeX Font Info:    Font shape `OT1/ptm/bx/it' in size <24> not available
(Font)              Font shape `OT1/ptm/b/it' tried instead on input line 1113.

\IEEEilabelindentA=\dimen104
\IEEEilabelindentB=\dimen105
\IEEEilabelindent=\dimen106
\IEEEelabelindent=\dimen107
\IEEEdlabelindent=\dimen108
\labelindent=\dimen109
\IEEEiednormlabelsep=\dimen110
\IEEEiedmathlabelsep=\dimen111
\IEEEiedtopsep=\skip44
\c@section=\count81
\c@subsection=\count82
\c@subsubsection=\count83
\c@paragraph=\count84
\c@IEEEsubequation=\count85
\abovecaptionskip=\skip45
\belowcaptionskip=\skip46
\c@figure=\count86
\c@table=\count87
\@IEEEeqnnumcols=\count88
\@IEEEeqncolcnt=\count89
\@IEEEtmpitemindent=\dimen112
\c@biography=\count90
\@IEEEtranrubishbin=\box26
) ("C:\Program Files\MiKTeX 2.9\tex\latex\graphics\graphics.sty"
Package: graphics 2016/10/09 v1.0u Standard LaTeX Graphics (DPC,SPQR)

("C:\Program Files\MiKTeX 2.9\tex\latex\graphics\trig.sty"
Package: trig 2016/01/03 v1.10 sin cos tan (DPC)
)
("C:\Program Files\MiKTeX 2.9\tex\latex\graphics-cfg\graphics.cfg"
File: graphics.cfg 2016/06/04 v1.11 sample graphics configuration
)
Package graphics Info: Driver file: pdftex.def on input line 99.

("C:\Program Files\MiKTeX 2.9\tex\latex\graphics-def\pdftex.def"
File: pdftex.def 2017/01/12 v0.06k Graphics/color for pdfTeX

("C:\Program Files\MiKTeX 2.9\tex\generic\oberdiek\infwarerr.sty"
Package: infwarerr 2016/05/16 v1.4 Providing info/warning/error messages (HO)
)
("C:\Program Files\MiKTeX 2.9\tex\generic\oberdiek\ltxcmds.sty"
Package: ltxcmds 2016/05/16 v1.23 LaTeX kernel commands for general use (HO)
)
\Gread@gobject=\count91
))
("C:\Program Files\MiKTeX 2.9\tex\latex\graphics\epsfig.sty"
Package: epsfig 1999/02/16 v1.7a (e)psfig emulation (SPQR)

("C:\Program Files\MiKTeX 2.9\tex\latex\graphics\graphicx.sty"
Package: graphicx 2014/10/28 v1.0g Enhanced LaTeX Graphics (DPC,SPQR)

("C:\Program Files\MiKTeX 2.9\tex\latex\graphics\keyval.sty"
Package: keyval 2014/10/28 v1.15 key=value parser (DPC)
\KV@toks@=\toks15
)
\Gin@req@height=\dimen113
\Gin@req@width=\dimen114
)
\epsfxsize=\dimen115
\epsfysize=\dimen116
)
("C:\Program Files\MiKTeX 2.9\tex\latex\subfigure\subfigure.sty"
Package: subfigure 2002/07/30 v2.1.4 subfigure package
\subfigtopskip=\skip47
\subfigcapskip=\skip48
\subfigcaptopadj=\dimen117
\subfigbottomskip=\skip49
\subfigcapmargin=\dimen118
\subfiglabelskip=\skip50
\c@subfigure=\count92
\c@lofdepth=\count93
\c@subtable=\count94
\c@lotdepth=\count95

****************************************
* Local config file subfigure.cfg used *
****************************************
("C:\Program Files\MiKTeX 2.9\tex\latex\subfigure\subfigure.cfg")
\subfig@top=\skip51
\subfig@bottom=\skip52
)
("C:\Program Files\MiKTeX 2.9\tex\latex\multirow\multirow.sty"
Package: multirow 2016/11/25 v2.2 Span multiple rows of a table
\multirow@colwidth=\skip53
\multirow@cntb=\count96
\multirow@dima=\skip54
\bigstrutjot=\dimen119
)
("C:\Program Files\MiKTeX 2.9\tex\latex\url\url.sty"
\Urlmuskip=\muskip10
Package: url 2013/09/16  ver 3.4  Verb mode for urls, etc.
)
("C:\Program Files\MiKTeX 2.9\tex\latex\slashbox\slashbox.sty"
slashbox style by K.Yasuoka, May 1993.
\@slashboxa=\box27
\@slashboxb=\box28
\@slashboxc=\box29
\@slashboxwd=\count97
\@slashboxht=\count98
\@slashsepl=\dimen120
\@slashsepr=\dimen121
) ("C:\Program Files\MiKTeX 2.9\tex\latex\xcolor\xcolor.sty"
Package: xcolor 2016/05/11 v2.12 LaTeX color extensions (UK)

("C:\Program Files\MiKTeX 2.9\tex\latex\graphics-cfg\color.cfg"
File: color.cfg 2016/01/02 v1.6 sample color configuration
)
Package xcolor Info: Driver file: pdftex.def on input line 225.

("C:\Program Files\MiKTeX 2.9\tex\latex\colortbl\colortbl.sty"
Package: colortbl 2012/02/13 v1.0a Color table columns (DPC)

("C:\Program Files\MiKTeX 2.9\tex\latex\tools\array.sty"
Package: array 2016/10/06 v2.4d Tabular extension package (FMi)
\col@sep=\dimen122
\extrarowheight=\dimen123
\NC@list=\toks16
\extratabsurround=\skip55
\backup@length=\skip56
)
\everycr=\toks17
\minrowclearance=\skip57
)
\rownum=\count99
Package xcolor Info: Model `cmy' substituted by `cmy0' on input line 1348.
Package xcolor Info: Model `hsb' substituted by `rgb' on input line 1352.
Package xcolor Info: Model `RGB' extended on input line 1364.
Package xcolor Info: Model `HTML' substituted by `rgb' on input line 1366.
Package xcolor Info: Model `Hsb' substituted by `hsb' on input line 1367.
Package xcolor Info: Model `tHsb' substituted by `hsb' on input line 1368.
Package xcolor Info: Model `HSB' substituted by `hsb' on input line 1369.
Package xcolor Info: Model `Gray' substituted by `gray' on input line 1370.
Package xcolor Info: Model `wave' substituted by `hsb' on input line 1371.
)
** ATTENTION: Overriding command lockouts (line 27).
** ATTENTION: Overriding IEEE standard margins (line 30).
(RO-MAN2017.aux)
\openout1 = `RO-MAN2017.aux'.

LaTeX Font Info:    Checking defaults for OML/cmm/m/it on input line 45.
LaTeX Font Info:    ... okay on input line 45.
LaTeX Font Info:    Checking defaults for T1/cmr/m/n on input line 45.
LaTeX Font Info:    ... okay on input line 45.
LaTeX Font Info:    Checking defaults for OT1/cmr/m/n on input line 45.
LaTeX Font Info:    ... okay on input line 45.
LaTeX Font Info:    Checking defaults for OMS/cmsy/m/n on input line 45.
LaTeX Font Info:    ... okay on input line 45.
LaTeX Font Info:    Checking defaults for OMX/cmex/m/n on input line 45.
LaTeX Font Info:    ... okay on input line 45.
LaTeX Font Info:    Checking defaults for U/cmr/m/n on input line 45.
LaTeX Font Info:    ... okay on input line 45.
 ("C:\Program Files\MiKTeX 2.9\tex\context\base\supp-pdf.mkii"
[Loading MPS to PDF converter (version 2006.09.02).]
\scratchcounter=\count100
\scratchdimen=\dimen124
\scratchbox=\box30
\nofMPsegments=\count101
\nofMParguments=\count102
\everyMPshowfont=\toks18
\MPscratchCnt=\count103
\MPscratchDim=\dimen125
\MPnumerator=\count104
\makeMPintoPDFobject=\count105
\everyMPtoPDFconversion=\toks19
) ("C:\Program Files\MiKTeX 2.9\tex\generic\oberdiek\pdftexcmds.sty"
Package: pdftexcmds 2016/05/21 v0.22 Utility functions of pdfTeX for LuaTeX (HO
)

("C:\Program Files\MiKTeX 2.9\tex\generic\oberdiek\ifluatex.sty"
Package: ifluatex 2016/05/16 v1.4 Provides the ifluatex switch (HO)
Package ifluatex Info: LuaTeX not detected.
)
("C:\Program Files\MiKTeX 2.9\tex\generic\oberdiek\ifpdf.sty"
Package: ifpdf 2016/05/14 v3.1 Provides the ifpdf switch
)
Package pdftexcmds Info: LuaTeX not detected.
Package pdftexcmds Info: \pdf@primitive is available.
Package pdftexcmds Info: \pdf@ifprimitive is available.
Package pdftexcmds Info: \pdfdraftmode found.
)
("C:\Program Files\MiKTeX 2.9\tex\latex\oberdiek\epstopdf-base.sty"
Package: epstopdf-base 2016/05/15 v2.6 Base part for package epstopdf

("C:\Program Files\MiKTeX 2.9\tex\latex\oberdiek\grfext.sty"
Package: grfext 2016/05/16 v1.2 Manage graphics extensions (HO)

("C:\Program Files\MiKTeX 2.9\tex\generic\oberdiek\kvdefinekeys.sty"
Package: kvdefinekeys 2016/05/16 v1.4 Define keys (HO)
))
("C:\Program Files\MiKTeX 2.9\tex\latex\oberdiek\kvoptions.sty"
Package: kvoptions 2016/05/16 v3.12 Key value format for package options (HO)

("C:\Program Files\MiKTeX 2.9\tex\generic\oberdiek\kvsetkeys.sty"
Package: kvsetkeys 2016/05/16 v1.17 Key value parser (HO)

("C:\Program Files\MiKTeX 2.9\tex\generic\oberdiek\etexcmds.sty"
Package: etexcmds 2016/05/16 v1.6 Avoid name clashes with e-TeX commands (HO)
Package etexcmds Info: Could not find \expanded.
(etexcmds)             That can mean that you are not using pdfTeX 1.50 or
(etexcmds)             that some package has redefined \expanded.
(etexcmds)             In the latter case, load this package earlier.
)))
Package epstopdf-base Info: Redefining graphics rule for `.eps' on input line 4
38.
Package grfext Info: Graphics extension search list:
(grfext)             [.png,.pdf,.jpg,.mps,.jpeg,.jbig2,.jb2,.PNG,.PDF,.JPG,.JPE
G,.JBIG2,.JB2,.eps]
(grfext)             \AppendGraphicsExtensions on input line 456.
)
LaTeX Font Info:    Calculating math sizes for size <11> on input line 49.
LaTeX Font Info:    External font `cmex10' loaded for size
(Font)              <11> on input line 49.
LaTeX Font Info:    External font `cmex10' loaded for size
(Font)              <7.69997> on input line 49.
LaTeX Font Info:    External font `cmex10' loaded for size
(Font)              <5.5> on input line 49.
LaTeX Font Info:    External font `cmex10' loaded for size
(Font)              <8> on input line 49.
LaTeX Font Info:    External font `cmex10' loaded for size
(Font)              <6> on input line 49.
LaTeX Font Info:    External font `cmex10' loaded for size
(Font)              <5> on input line 49.
LaTeX Font Info:    Try loading font information for OT1+pcr on input line 49.

("C:\Program Files\MiKTeX 2.9\tex\latex\psnfss\ot1pcr.fd"
File: ot1pcr.fd 2001/06/04 font definitions for OT1/pcr.
)
Underfull \hbox (badness 2197) in paragraph at lines 49--49
[][][]$[]$\OT1/ptm/m/n/8 Julian M. Angel-Fernandez is a Re-searcher at Au-toma-
tion and
 []


Underfull \hbox (badness 2158) in paragraph at lines 49--49
\OT1/ptm/m/n/8 Con-trol In-sti-tute, Vi-enna Uni-ver-sity of Tech-nol-ogy, Vi-e
nna, Aus-tria
 []

(Parts/Introduction.tex
Underfull \hbox (badness 10000) in paragraph at lines 5--6
[]\OT1/ptm/m/n/10 However,the amount of works study-ing non-
 []


Underfull \hbox (badness 10000) in paragraph at lines 5--6
\OT1/ptm/m/n/10 the im-ple-mented emo-tions. For ex-am-ple Suk and
 []


Underfull \hbox (badness 2229) in paragraph at lines 5--6
\OT1/ptm/m/n/10 emo-tions is not de-scribed. Rather, they es-tab-lished a
 []


Underfull \hbox (badness 3536) in paragraph at lines 5--6
\OT1/ptm/m/n/10 re-la-tion-ship be-tween their val-ues and plea-sure/arousal
 []

) (Parts/RelatedWork.tex [1{C:/ProgramData/MiKTeX/2.9/pdftex/config/pdftex.map}


]) (Parts/System.tex <./Images/DSC_0447.JPG, id=12, 1445.4pt x 963.6pt>
File: ./Images/DSC_0447.JPG Graphic file (type jpg)

<use ./Images/DSC_0447.JPG>
Package pdftex.def Info: ./Images/DSC_0447.JPG used on input line 6.
(pdftex.def)             Requested size: 128.02927pt x 85.35826pt.

<./Images/TriskarThird.png, id=13, 839.135pt x 931.48pt>
File: ./Images/TriskarThird.png Graphic file (type png)

<use ./Images/TriskarThird.png>
Package pdftex.def Info: ./Images/TriskarThird.png used on input line 8.
(pdftex.def)             Requested size: 76.88893pt x 85.35826pt.
) (Parts/CaseStudy.tex
<./Images/FourthCase.png, id=15, 1265.72874pt x 1024.82875pt>
File: ./Images/FourthCase.png Graphic file (type png)

<use ./Images/FourthCase.png>
Package pdftex.def Info: ./Images/FourthCase.png used on input line 6.
(pdftex.def)             Requested size: 227.64894pt x 184.32047pt.
LaTeX Font Info:    External font `cmex10' loaded for size
(Font)              <7> on input line 13.
 [2 <./Images/DSC_0447.JPG> <./Images/TriskarThird.png>]
LaTeX Font Info:    External font `cmex10' loaded for size
(Font)              <9> on input line 20.

Underfull \hbox (badness 10000) in paragraph at lines 28--28
[]|\OT1/ptm/b/n/9 Direc-
 []


Underfull \hbox (badness 10000) in paragraph at lines 28--28
\OT1/ptm/b/n/9 tion
 []


Underfull \hbox (badness 10000) in paragraph at lines 28--28
[]|\OT1/ptm/b/n/9 Orien-
 []


Underfull \hbox (badness 10000) in paragraph at lines 28--28
\OT1/ptm/b/n/9 tation
 []


Underfull \hbox (badness 10000) in paragraph at lines 28--28
\OT1/ptm/b/n/9 Ve-
 []


Underfull \hbox (badness 10000) in paragraph at lines 28--28
\OT1/ptm/b/n/9 loc-ity
 []


Overfull \hbox (5.61913pt too wide) in paragraph at lines 28--28
\OT1/ptm/b/n/9 ($\OML/cmm/m/it/9 mm=s$\OT1/ptm/b/n/9 )| 
 []


Overfull \hbox (2.12822pt too wide) in paragraph at lines 28--28
[]|\OT1/ptm/b/n/9 Angular
 []


Underfull \hbox (badness 10000) in paragraph at lines 28--28
\OT1/ptm/b/n/9 Ve-loc-
 []


Underfull \hbox (badness 10000) in paragraph at lines 28--28
\OT1/ptm/b/n/9 ity
 []


Underfull \hbox (badness 10000) in paragraph at lines 28--29
[]|\OT1/ptm/b/n/9 Angle
 []


Overfull \hbox (6.37704pt too wide) in paragraph at lines 20--47
 [][] 
 []

<./Images/FourthCaseScene.png, id=20, 1265.72874pt x 1024.82875pt>
File: ./Images/FourthCaseScene.png Graphic file (type png)

<use ./Images/FourthCaseScene.png>
Package pdftex.def Info: ./Images/FourthCaseScene.png used on input line 56.
(pdftex.def)             Requested size: 227.64894pt x 184.32047pt.

<./Images/fourthCaseSceneD.png, id=21, 2737.22626pt x 1137.24875pt>
File: ./Images/fourthCaseSceneD.png Graphic file (type png)

<use ./Images/fourthCaseSceneD.png>
Package pdftex.def Info: ./Images/fourthCaseSceneD.png used on input line 64.
(pdftex.def)             Requested size: 480.59395pt x 199.66357pt.
) (Parts/Results.tex [3 <./Images/FourthCase.png> <./Images/FourthCaseScene.png
>] [4 <./Images/fourthCaseSceneD.png>]
Underfull \hbox (badness 10000) in paragraph at lines 115--115
[]|\OT1/ptm/b/n/9 Presented
 []


Underfull \hbox (badness 10000) in paragraph at lines 115--115
[]|\OT1/ptm/b/n/9 Positive
 []


Underfull \hbox (badness 10000) in paragraph at lines 115--115
\OT1/ptm/b/n/9 Pre-dicted
 []


Overfull \hbox (1.935pt too wide) in paragraph at lines 113--144
 [][] 
 []

) (Parts/Conclusions.tex [5]) (RO-MAN2017.bbl
** WARNING: IEEEtran.bst: No hyphenation pattern has been
** loaded for the language `English'. Using the pattern for
** the default language instead.
** WARNING: IEEEtran.bst: No hyphenation pattern has been
** loaded for the language `English'. Using the pattern for
** the default language instead.
** WARNING: IEEEtran.bst: No hyphenation pattern has been
** loaded for the language `English'. Using the pattern for
** the default language instead.

Underfull \hbox (badness 5161) in paragraph at lines 155--157
[]\OT1/ptm/m/n/8 ------, ``Iden-ti-fy-ing val-ues to ex-press emo-tions with a 
non-
 []

Missing character: There is no Ã in font ptmr7t!
Missing character: There is no ¨ in font ptmr7t!
** WARNING: IEEEtran.bst: No hyphenation pattern has been
** loaded for the language `English'. Using the pattern for
** the default language instead.
** WARNING: IEEEtran.bst: No hyphenation pattern has been
** loaded for the language `English'. Using the pattern for
** the default language instead.

Underfull \hbox (badness 1394) in paragraph at lines 184--188
[]\OT1/ptm/m/n/8 G. Ven-ture, H. Kadone, T. Zhang, J. Grzes, A. Berthoz, and
 []

)

** Conference Paper **
Before submitting the final camera ready copy, remember to:

 1. Manually equalize the lengths of two columns on the last page
 of your paper;

 2. Ensure that any PostScript and/or PDF output post-processing
 uses only Type 1 fonts and that every step in the generation
 process uses the US letter (8.5in X 11in) paper size.

[6] (RO-MAN2017.aux) ) 
Here is how much of TeX's memory you used:
 3132 strings out of 493333
 45725 string characters out of 3139182
 135621 words of memory out of 3000000
 6589 multiletter control sequences out of 15000+200000
 42970 words of font info for 83 fonts, out of 3000000 for 9000
 1141 hyphenation exceptions out of 8191
 41i,13n,35p,1387b,305s stack positions out of 5000i,500n,10000p,200000b,50000s
{C:/Program Files/MiKTeX 2.9/fonts/enc/dvips/base/8r.enc}
<C:/Program Files/MiKTeX 2.9/fonts/type1/public/amsfonts/cm/cmmi10.pfb><C:/Prog
ram Files/MiKTeX 2.9/fonts/type1/public/amsfonts/cm/cmmi8.pfb><C:/Program Files
/MiKTeX 2.9/fonts/type1/public/amsfonts/cm/cmmi9.pfb><C:/Program Files/MiKTeX 2
.9/fonts/type1/public/amsfonts/cm/cmr10.pfb><C:/Program Files/MiKTeX 2.9/fonts/
type1/public/amsfonts/cm/cmr6.pfb><C:/Program Files/MiKTeX 2.9/fonts/type1/publ
ic/amsfonts/cm/cmr7.pfb><C:/Program Files/MiKTeX 2.9/fonts/type1/public/amsfont
s/cm/cmr8.pfb><C:/Program Files/MiKTeX 2.9/fonts/type1/public/amsfonts/cm/cmr9.
pfb><C:/Program Files/MiKTeX 2.9/fonts/type1/public/amsfonts/cm/cmsy6.pfb><C:/P
rogram Files/MiKTeX 2.9/fonts/type1/public/amsfonts/cm/cmsy7.pfb><C:/Program Fi
les/MiKTeX 2.9/fonts/type1/urw/courier/ucrr8a.pfb><C:/Program Files/MiKTeX 2.9/
fonts/type1/urw/times/utmb8a.pfb><C:/Program Files/MiKTeX 2.9/fonts/type1/urw/t
imes/utmbi8a.pfb><C:/Program Files/MiKTeX 2.9/fonts/type1/urw/times/utmr8a.pfb>
<C:/Program Files/MiKTeX 2.9/fonts/type1/urw/times/utmri8a.pfb>
Output written on RO-MAN2017.pdf (6 pages, 3156427 bytes).
PDF statistics:
 91 PDF objects out of 1000 (max. 8388607)
 0 named destinations out of 1000 (max. 500000)
 26 words of extra memory for PDF output out of 10000 (max. 10000000)

