This is pdfTeX, Version 3.14159265-2.6-1.40.16 (MiKTeX 2.9 64-bit) (preloaded format=pdflatex 2015.10.23)  3 OCT 2016 22:32
entering extended mode
**HRI2015.tex
(HRI2015.tex
LaTeX2e <2015/01/01> patch level 2
Babel <3.9m> and hyphenation patterns for 69 languages loaded.
(sig-alternate-05-2015.cls
("C:\Program Files\MiKTeX 2.9\tex\latex\graphics\epsfig.sty"
Package: epsfig 1999/02/16 v1.7a (e)psfig emulation (SPQR)

("C:\Program Files\MiKTeX 2.9\tex\latex\graphics\graphicx.sty"
Package: graphicx 2014/10/28 v1.0g Enhanced LaTeX Graphics (DPC,SPQR)

("C:\Program Files\MiKTeX 2.9\tex\latex\graphics\keyval.sty"
Package: keyval 2014/10/28 v1.15 key=value parser (DPC)
\KV@toks@=\toks14
)
("C:\Program Files\MiKTeX 2.9\tex\latex\graphics\graphics.sty"
Package: graphics 2014/10/28 v1.0p Standard LaTeX Graphics (DPC,SPQR)

("C:\Program Files\MiKTeX 2.9\tex\latex\graphics\trig.sty"
Package: trig 1999/03/16 v1.09 sin cos tan (DPC)
)
("C:\Program Files\MiKTeX 2.9\tex\latex\00miktex\graphics.cfg"
File: graphics.cfg 2007/01/18 v1.5 graphics configuration of teTeX/TeXLive
)
Package graphics Info: Driver file: pdftex.def on input line 94.

("C:\Program Files\MiKTeX 2.9\tex\latex\pdftex-def\pdftex.def"
File: pdftex.def 2011/05/27 v0.06d Graphics/color for pdfTeX

("C:\Program Files\MiKTeX 2.9\tex\generic\oberdiek\infwarerr.sty"
Package: infwarerr 2010/04/08 v1.3 Providing info/warning/error messages (HO)
)
("C:\Program Files\MiKTeX 2.9\tex\generic\oberdiek\ltxcmds.sty"
Package: ltxcmds 2011/11/09 v1.22 LaTeX kernel commands for general use (HO)
)
\Gread@gobject=\count79
))
\Gin@req@height=\dimen102
\Gin@req@width=\dimen103
)
\epsfxsize=\dimen104
\epsfysize=\dimen105
)
("C:\Program Files\MiKTeX 2.9\tex\latex\amsfonts\amssymb.sty"
Package: amssymb 2013/01/14 v3.01 AMS font symbols

("C:\Program Files\MiKTeX 2.9\tex\latex\amsfonts\amsfonts.sty"
Package: amsfonts 2013/01/14 v3.01 Basic AMSFonts support
\@emptytoks=\toks15
\symAMSa=\mathgroup4
\symAMSb=\mathgroup5
LaTeX Font Info:    Overwriting math alphabet `\mathfrak' in version `bold'
(Font)                  U/euf/m/n --> U/euf/b/n on input line 106.
))
("C:\Program Files\MiKTeX 2.9\tex\latex\amsmath\amsmath.sty"
Package: amsmath 2013/01/14 v2.14 AMS math features
\@mathmargin=\skip41

For additional information on amsmath, use the `?' option.
("C:\Program Files\MiKTeX 2.9\tex\latex\amsmath\amstext.sty"
Package: amstext 2000/06/29 v2.01

("C:\Program Files\MiKTeX 2.9\tex\latex\amsmath\amsgen.sty"
File: amsgen.sty 1999/11/30 v2.0
\@emptytoks=\toks16
\ex@=\dimen106
))
("C:\Program Files\MiKTeX 2.9\tex\latex\amsmath\amsbsy.sty"
Package: amsbsy 1999/11/29 v1.2d
\pmbraise@=\dimen107
)
("C:\Program Files\MiKTeX 2.9\tex\latex\amsmath\amsopn.sty"
Package: amsopn 1999/12/14 v2.01 operator names
)
\inf@bad=\count80
LaTeX Info: Redefining \frac on input line 210.
\uproot@=\count81
\leftroot@=\count82
LaTeX Info: Redefining \overline on input line 306.
\classnum@=\count83
\DOTSCASE@=\count84
LaTeX Info: Redefining \ldots on input line 378.
LaTeX Info: Redefining \dots on input line 381.
LaTeX Info: Redefining \cdots on input line 466.
\Mathstrutbox@=\box26
\strutbox@=\box27
\big@size=\dimen108
LaTeX Font Info:    Redeclaring font encoding OML on input line 566.
LaTeX Font Info:    Redeclaring font encoding OMS on input line 567.
\macc@depth=\count85
\c@MaxMatrixCols=\count86
\dotsspace@=\muskip10
\c@parentequation=\count87
\dspbrk@lvl=\count88
\tag@help=\toks17
\row@=\count89
\column@=\count90
\maxfields@=\count91
\andhelp@=\toks18
\eqnshift@=\dimen109
\alignsep@=\dimen110
\tagshift@=\dimen111
\tagwidth@=\dimen112
\totwidth@=\dimen113
\lineht@=\dimen114
\@envbody=\toks19
\multlinegap=\skip42
\multlinetaggap=\skip43
\mathdisplay@stack=\toks20
LaTeX Info: Redefining \[ on input line 2665.
LaTeX Info: Redefining \] on input line 2666.
)
Document Class 'sig-alternate' <9th June '13>. Modified by G.K.M. Tobin/Gerry M
urray/Boris Veytsman
Based in part upon document Style `acmconf' <22 May 89>. Hacked 4/91 by
shivers@cs.cmu.edu, 4/93 by theobald@cs.mcgill.ca
Excerpts were taken from (Journal Style) 'esub2acm.cls'.
****** Bugs/comments/suggestions/technicalities to Gerry Murray -- murray@hq.ac
m.org ******
Questions on the style, SIGS policies, etc. to Adrienne Griscti griscti@acm.org

\ACM@basesize=\count92
("C:\Program Files\MiKTeX 2.9\tex\latex\comment\comment.sty"
\CommentStream=\write3

Excluding comment 'comment') Excluding comment 'CCSXML'
\footheight=\dimen115
\@maxsep=\dimen116
\@dblmaxsep=\dimen117

("C:\Program Files\MiKTeX 2.9\tex\generic\oberdiek\ifpdf.sty"
Package: ifpdf 2011/01/30 v2.3 Provides the ifpdf switch (HO)
Package ifpdf Info: pdfTeX in PDF mode is detected.
)
\aucount=\count93
\originalaucount=\count94
\auwidth=\dimen118
\auskip=\dimen119
\auskipcount=\count95
\auskip=\dimen120
\allauboxes=\dimen121
\addauthors=\toks21
\addauflag=\count96
\subtitletext=\toks22
\savesection=\count97
\sectioncntr=\count98
\c@figure=\count99
\c@table=\count100
\titleboxnotes=\toks23
\titleboxnoteflag=\count101


LaTeX Warning: You have requested document class `sig-alternate-05-2015',
               but the document class provides `sig-alternate'.

Document Class: sig-alternate 2013/05/12 v2.7 based on acmproc.cls V1.3 <Nov. 3
0 '99>
("C:\Program Files\MiKTeX 2.9\tex\latex\base\latexsym.sty"
Package: latexsym 1998/08/17 v2.2e Standard LaTeX package (lasy symbols)
\symlasy=\mathgroup6
LaTeX Font Info:    Overwriting symbol font `lasy' in version `bold'
(Font)                  U/lasy/m/n --> U/lasy/b/n on input line 52.
)
\@acmtitlebox=\box28
\titlenotecount=\count102
\tntoks=\toks24
\tntokstwo=\toks25
\tntoksthree=\toks26
\tntoksfour=\toks27
\tntoksfive=\toks28
\catcount=\count103
\copyrightnotice=\toks29
\conf=\toks30
\confinfo=\toks31
\c@part=\count104
\c@section=\count105
\c@subsection=\count106
\c@subsubsection=\count107
\c@paragraph=\count108

Using 'Abbrev' bibliography style
LaTeX Info: Redefining \cite on input line 1408.
\bibindent=\dimen122
\colcntr=\count109
\saveb@x=\box29
\copyrtyr=\toks32
\acmcopyr=\toks33
\boilerplate=\toks34
("C:\Program Files\MiKTeX 2.9\tex\latex\url\url.sty"
\Urlmuskip=\muskip11
Package: url 2013/09/16  ver 3.4  Verb mode for urls, etc.
) (acmcopyright.sty
Package: acmcopyright 2014/06/29 v1.2 Copyright statemens for ACM classes

("C:\Program Files\MiKTeX 2.9\tex\latex\xkeyval\xkeyval.sty"
Package: xkeyval 2014/12/03 v2.7a package option processing (HA)

("C:\Program Files\MiKTeX 2.9\tex\generic\xkeyval\xkeyval.tex"
("C:\Program Files\MiKTeX 2.9\tex\generic\xkeyval\xkvutils.tex"
\XKV@toks=\toks35
\XKV@tempa@toks=\toks36
)
\XKV@depth=\count110
File: xkeyval.tex 2014/12/03 v2.7a key=value parser (HA)
)))
\copyrightetc=\toks37

("C:\Program Files\MiKTeX 2.9\tex\latex\base\fontenc.sty"
Package: fontenc 2005/09/27 v1.99g Standard LaTeX package

("C:\Program Files\MiKTeX 2.9\tex\latex\base\t1enc.def"
File: t1enc.def 2005/09/27 v1.99g Standard LaTeX file
LaTeX Font Info:    Redeclaring font encoding T1 on input line 48.
)
LaTeX Font Info:    Try loading font information for T1+aer on input line 105.

("C:\Program Files\MiKTeX 2.9\tex\latex\ae\t1aer.fd"
File: t1aer.fd 1997/11/16 Font definitions for T1/aer.
)))
("C:\Program Files\MiKTeX 2.9\tex\latex\multirow\multirow.sty"
\bigstrutjot=\dimen123
)
("C:\Program Files\MiKTeX 2.9\tex\latex\subfigure\subfigure.sty"
Package: subfigure 2002/07/30 v2.1.4 subfigure package
\subfigtopskip=\skip44
\subfigcapskip=\skip45
\subfigcaptopadj=\dimen124
\subfigbottomskip=\skip46
\subfigcapmargin=\dimen125
\subfiglabelskip=\skip47
\c@subfigure=\count111
\c@lofdepth=\count112
\c@subtable=\count113
\c@lotdepth=\count114

****************************************
* Local config file subfigure.cfg used *
****************************************
("C:\Program Files\MiKTeX 2.9\tex\latex\subfigure\subfigure.cfg")
\subfig@top=\skip48
\subfig@bottom=\skip49
) (HRI2015.aux)
LaTeX Font Info:    Checking defaults for OML/cmm/m/it on input line 53.
LaTeX Font Info:    ... okay on input line 53.
LaTeX Font Info:    Checking defaults for T1/cmr/m/n on input line 53.
LaTeX Font Info:    ... okay on input line 53.
LaTeX Font Info:    Checking defaults for OT1/cmr/m/n on input line 53.
LaTeX Font Info:    ... okay on input line 53.
LaTeX Font Info:    Checking defaults for OMS/cmsy/m/n on input line 53.
LaTeX Font Info:    ... okay on input line 53.
LaTeX Font Info:    Checking defaults for OMX/cmex/m/n on input line 53.
LaTeX Font Info:    ... okay on input line 53.
LaTeX Font Info:    Checking defaults for U/cmr/m/n on input line 53.
LaTeX Font Info:    ... okay on input line 53.
 ("C:\Program Files\MiKTeX 2.9\tex\context\base\supp-pdf.mkii"
[Loading MPS to PDF converter (version 2006.09.02).]
\scratchcounter=\count115
\scratchdimen=\dimen126
\scratchbox=\box30
\nofMPsegments=\count116
\nofMParguments=\count117
\everyMPshowfont=\toks38
\MPscratchCnt=\count118
\MPscratchDim=\dimen127
\MPnumerator=\count119
\makeMPintoPDFobject=\count120
\everyMPtoPDFconversion=\toks39
)
LaTeX Font Info:    Try loading font information for U+msa on input line 156.
 ("C:\Program Files\MiKTeX 2.9\tex\latex\amsfonts\umsa.fd"
File: umsa.fd 2013/01/14 v3.01 AMS symbols A
)
LaTeX Font Info:    Try loading font information for U+msb on input line 156.

("C:\Program Files\MiKTeX 2.9\tex\latex\amsfonts\umsb.fd"
File: umsb.fd 2013/01/14 v3.01 AMS symbols B
)
LaTeX Font Info:    Try loading font information for U+lasy on input line 156.

("C:\Program Files\MiKTeX 2.9\tex\latex\base\ulasy.fd"
File: ulasy.fd 1998/08/17 v2.2e LaTeX symbol font definitions
)
LaTeX Font Info:    Try loading font information for T1+ptm on input line 156.

("C:\Program Files\MiKTeX 2.9\tex\latex\psnfss\t1ptm.fd"
File: t1ptm.fd 2001/06/04 font definitions for T1/ptm.
)
LaTeX Font Info:    Try loading font information for OMS+ptm on input line 156.


("C:\Program Files\MiKTeX 2.9\tex\latex\psnfss\omsptm.fd"
File: omsptm.fd 
)
LaTeX Font Info:    Font shape `OMS/ptm/m/n' in size <7> not available
(Font)              Font shape `OMS/cmsy/m/n' tried instead on input line 156.

(Parts/Introduction.tex)
Overfull \hbox (3.8135pt too wide) in paragraph at lines 7--215
\T1/aer/m/n/9 ex-per-i-ment is briefly de-scribed in sec-tion 3[]. Sec-tion 4[]
 presents
 []

(Parts/RelatedWork.tex [1{C:/Users/julian/AppData/Local/MiKTeX/2.9/pdftex/confi
g/pdftex.map}


]
Underfull \vbox (badness 10000) has occurred while \output is active []


Underfull \vbox (badness 10000) has occurred while \output is active []

 [2])
(Parts/Antecedents.tex) (Parts/System.tex [3]
<./Images/DSC_0447.JPG, id=29, 1445.4pt x 963.6pt>
File: ./Images/DSC_0447.JPG Graphic file (type jpg)
 <use ./Images/DSC_0447.JPG>
Package pdftex.def Info: ./Images/DSC_0447.JPG used on input line 9.
(pdftex.def)             Requested size: 128.02927pt x 85.35826pt.

<./Images/TriskarThird.png, id=30, 839.135pt x 931.48pt>
File: ./Images/TriskarThird.png Graphic file (type png)

<use ./Images/TriskarThird.png>
Package pdftex.def Info: ./Images/TriskarThird.png used on input line 11.
(pdftex.def)             Requested size: 76.88893pt x 85.35826pt.
 [4 <./Images/DSC_0447.JPG> <./Images/TriskarThird.png>] <Images/SystemArchitec
ture.png, id=36, 912.40875pt x 213.79875pt>
File: Images/SystemArchitecture.png Graphic file (type png)

<use Images/SystemArchitecture.png>
Package pdftex.def Info: Images/SystemArchitecture.png used on input line 47.
(pdftex.def)             Requested size: 504.0pt x 118.09859pt.
) (Parts/CaseStudy.tex
<./Images/FourthCase.png, id=37, 1265.72874pt x 1024.82875pt>
File: ./Images/FourthCase.png Graphic file (type png)

<use ./Images/FourthCase.png>
Package pdftex.def Info: ./Images/FourthCase.png used on input line 5.
(pdftex.def)             Requested size: 226.79846pt x 183.63242pt.

Overfull \hbox (0.76038pt too wide) in paragraph at lines 27--27
[]\T1/aer/bx/n/8 Direc-
 []


Underfull \hbox (badness 10000) in paragraph at lines 27--27
\T1/aer/bx/n/8 tion
 []


Overfull \hbox (1.7124pt too wide) in paragraph at lines 27--27
[]\T1/aer/bx/n/8 Orien-
 []


Underfull \hbox (badness 10000) in paragraph at lines 27--27
\T1/aer/bx/n/8 tation
 []


Overfull \hbox (1.72034pt too wide) in paragraph at lines 27--27
[]\T1/aer/bx/n/8 Linear
 []


Underfull \hbox (badness 10000) in paragraph at lines 27--27
\T1/aer/bx/n/8 Ve-
 []


Underfull \hbox (badness 10000) in paragraph at lines 27--27
\T1/aer/bx/n/8 loc-ity
 []


Overfull \hbox (5.22656pt too wide) in paragraph at lines 27--27
\T1/aer/bx/n/8 ($\OML/cmm/m/it/8 mm=s$\T1/aer/bx/n/8 )
 []


Overfull \hbox (4.80421pt too wide) in paragraph at lines 27--27
[]\T1/aer/bx/n/8 Angular
 []


Underfull \hbox (badness 10000) in paragraph at lines 27--27
\T1/aer/bx/n/8 Ve-loc-
 []


Underfull \hbox (badness 10000) in paragraph at lines 27--27
\T1/aer/bx/n/8 ity
 []


Underfull \hbox (badness 10000) in paragraph at lines 27--27
\T1/aer/bx/n/8 ($\OML/cmm/m/it/8 rad=s$\T1/aer/bx/n/8 )
 []


Underfull \hbox (badness 10000) in paragraph at lines 27--28
[]\T1/aer/bx/n/8 Angle
 []


Overfull \hbox (1.79195pt too wide) in paragraph at lines 19--46
 [][] 
 []


Overfull \hbox (5.57661pt too wide) in paragraph at lines 51--52
\T1/aer/m/n/9 hu-man the-atri-cal ac-tors, who pre-pared their move-ments based

 []

<./Images/FourthCaseScene.png, id=38, 1265.72874pt x 1024.82875pt>
File: ./Images/FourthCaseScene.png Graphic file (type png)

<use ./Images/FourthCaseScene.png>
Package pdftex.def Info: ./Images/FourthCaseScene.png used on input line 55.
(pdftex.def)             Requested size: 226.79846pt x 183.63242pt.

<./Images/fourthCaseSceneD.png, id=39, 2737.22626pt x 1137.24875pt>
File: ./Images/fourthCaseSceneD.png Graphic file (type png)

<use ./Images/fourthCaseSceneD.png>
Package pdftex.def Info: ./Images/fourthCaseSceneD.png used on input line 63.
(pdftex.def)             Requested size: 478.79846pt x 198.91739pt.
 [5]
<./Images/InterfaceExperiment.png, id=44, 736.55174pt x 308.95425pt>
File: ./Images/InterfaceExperiment.png Graphic file (type png)

<use ./Images/InterfaceExperiment.png>
Package pdftex.def Info: ./Images/InterfaceExperiment.png used on input line 72
.
(pdftex.def)             Requested size: 241.91785pt x 101.47435pt.

Overfull \hbox (1.91785pt too wide) in paragraph at lines 72--73
 [][] 
 []

) (Parts/Results.tex [6 <./Images/SystemArchitecture.png> <./Images/FourthCase.
png> <./Images/FourthCaseScene.png>]
Overfull \hbox (6.15495pt too wide) in paragraph at lines 42--43
[]\T1/aer/m/n/9 To ver-ify these mis-in-ter-pre-ta-tions among im-ple-mented em
o-
 []


LaTeX Warning: `h' float specifier changed to `ht'.

[7 <./Images/fourthCaseSceneD.png> <./Images/InterfaceExperiment.png>]
Underfull \hbox (badness 10000) in paragraph at lines 86--86
[]\T1/aer/bx/n/8 Presented
 []


Underfull \hbox (badness 10000) in paragraph at lines 86--86
[]\T1/aer/bx/n/8 Positive
 []


Underfull \hbox (badness 10000) in paragraph at lines 86--86
\T1/aer/bx/n/8 Pre-dicted
 []


Underfull \hbox (badness 10000) in paragraph at lines 88--88
[]\T1/aer/m/n/8 Happiness
 []


Underfull \hbox (badness 10000) in paragraph at lines 90--90
[]\T1/aer/m/n/8 Happiness
 []


Overfull \hbox (11.09698pt too wide) in paragraph at lines 149--158
 [][] 
 []

) (Parts/Conclusions.tex)
Underfull \vbox (badness 10000) has occurred while \output is active []

 [8

]
(HRI2015.bbl) [9] (HRI2015.aux) ) 
Here is how much of TeX's memory you used:
 3137 strings out of 493673
 38979 string characters out of 3143956
 116687 words of memory out of 3000000
 6360 multiletter control sequences out of 15000+200000
 59460 words of font info for 85 fonts, out of 3000000 for 9000
 1025 hyphenation exceptions out of 8191
 41i,11n,36p,1398b,465s stack positions out of 5000i,500n,10000p,200000b,50000s
{C:/Program Files/MiKTeX 2.9/fonts/enc/dvips/f
ontname/8r.enc}<C:/Program Files/MiKTeX 2.9/fonts/type1/public/amsfonts/cm/cmbx
8.pfb><C:/Program Files/MiKTeX 2.9/fonts/type1/public/amsfonts/cm/cmbx9.pfb><C:
/Program Files/MiKTeX 2.9/fonts/type1/public/amsfonts/cm/cmbxti10.pfb><C:/Progr
am Files/MiKTeX 2.9/fonts/type1/public/amsfonts/cmextra/cmex7.pfb><C:/Program F
iles/MiKTeX 2.9/fonts/type1/public/amsfonts/cm/cmmi5.pfb><C:/Program Files/MiKT
eX 2.9/fonts/type1/public/amsfonts/cm/cmmi6.pfb><C:/Program Files/MiKTeX 2.9/fo
nts/type1/public/amsfonts/cm/cmmi8.pfb><C:/Program Files/MiKTeX 2.9/fonts/type1
/public/amsfonts/cm/cmmi9.pfb><C:/Program Files/MiKTeX 2.9/fonts/type1/public/a
msfonts/cm/cmr5.pfb><C:/Program Files/MiKTeX 2.9/fonts/type1/public/amsfonts/cm
/cmr6.pfb><C:/Program Files/MiKTeX 2.9/fonts/type1/public/amsfonts/cm/cmr8.pfb>
<C:/Program Files/MiKTeX 2.9/fonts/type1/public/amsfonts/cm/cmr9.pfb><C:/Progra
m Files/MiKTeX 2.9/fonts/type1/public/amsfonts/cm/cmsy5.pfb><C:/Program Files/M
iKTeX 2.9/fonts/type1/public/amsfonts/cm/cmsy7.pfb><C:/Program Files/MiKTeX 2.9
/fonts/type1/public/amsfonts/cm/cmsy9.pfb><C:/Program Files/MiKTeX 2.9/fonts/ty
pe1/public/amsfonts/cm/cmti9.pfb><C:/Program Files/MiKTeX 2.9/fonts/type1/urw/h
elvetic/uhvb8a.pfb><C:/Program Files/MiKTeX 2.9/fonts/type1/urw/times/utmb8a.pf
b><C:/Program Files/MiKTeX 2.9/fonts/type1/urw/times/utmr8a.pfb><C:/Program Fil
es/MiKTeX 2.9/fonts/type1/urw/times/utmri8a.pfb>
Output written on HRI2015.pdf (9 pages, 3310539 bytes).
PDF statistics:
 125 PDF objects out of 1000 (max. 8388607)
 0 named destinations out of 1000 (max. 500000)
 36 words of extra memory for PDF output out of 10000 (max. 10000000)

